<?xml version="1.0" encoding="UTF-8"?>
<testng-results ignored="0" total="2" passed="2" failed="0" skipped="0">
  <reporter-output>
  </reporter-output>
  <suite started-at="2023-08-16T17:27:11 IST" name="Suite" finished-at="2023-08-16T17:27:52 IST" duration-ms="40309">
    <groups>
    </groups>
    <test started-at="2023-08-16T17:27:11 IST" name="Test" finished-at="2023-08-16T17:27:52 IST" duration-ms="40309">
      <class name="tests.LoginTest">
        <test-method is-config="true" signature="setup(java.lang.String)[pri:0, instance:tests.LoginTest@4135c3b]" started-at="2023-08-16T17:27:34 IST" name="setup" finished-at="2023-08-16T17:27:47 IST" duration-ms="13151" status="PASS">
          <params>
            <param index="0">
              <value>
                <![CDATA[Edge]]>
              </value>
            </param>
          </params>
          <reporter-output>
          </reporter-output>
        </test-method> <!-- setup -->
        <test-method signature="Loginmethod()[pri:0, instance:tests.LoginTest@4135c3b]" started-at="2023-08-16T17:27:47 IST" name="Loginmethod" finished-at="2023-08-16T17:27:50 IST" duration-ms="2553" status="PASS">
          <reporter-output>
          </reporter-output>
        </test-method> <!-- Loginmethod -->
        <test-method is-config="true" signature="close()[pri:0, instance:tests.LoginTest@4135c3b]" started-at="2023-08-16T17:27:50 IST" name="close" finished-at="2023-08-16T17:27:52 IST" duration-ms="1543" status="PASS">
          <reporter-output>
          </reporter-output>
        </test-method> <!-- close -->
      </class> <!-- tests.LoginTest -->
      <class name="tests.RegisterTest">
        <test-method is-config="true" signature="setup(java.lang.String)[pri:0, instance:tests.RegisterTest@689604d9]" started-at="2023-08-16T17:27:12 IST" name="setup" finished-at="2023-08-16T17:27:28 IST" duration-ms="16159" status="PASS">
          <params>
            <param index="0">
              <value>
                <![CDATA[Edge]]>
              </value>
            </param>
          </params>
          <reporter-output>
          </reporter-output>
        </test-method> <!-- setup -->
        <test-method signature="register()[pri:0, instance:tests.RegisterTest@689604d9]" started-at="2023-08-16T17:27:28 IST" name="register" finished-at="2023-08-16T17:27:33 IST" duration-ms="4977" status="PASS">
          <reporter-output>
          </reporter-output>
        </test-method> <!-- register -->
        <test-method is-config="true" signature="close()[pri:0, instance:tests.RegisterTest@689604d9]" started-at="2023-08-16T17:27:33 IST" name="close" finished-at="2023-08-16T17:27:34 IST" duration-ms="1422" status="PASS">
          <reporter-output>
          </reporter-output>
        </test-method> <!-- close -->
      </class> <!-- tests.RegisterTest -->
    </test> <!-- Test -->
  </suite> <!-- Suite -->
</testng-results>
