<?xml version="1.0" encoding="UTF-8"?>
<testng-results ignored="0" total="2" passed="2" failed="0" skipped="0">
  <reporter-output>
  </reporter-output>
  <suite started-at="2023-09-19T10:38:06 IST" name="Suite" finished-at="2023-09-19T10:39:38 IST" duration-ms="92242">
    <groups>
    </groups>
    <test started-at="2023-09-19T10:38:06 IST" name="Test" finished-at="2023-09-19T10:39:38 IST" duration-ms="92242">
      <class name="tests.LoginTest">
        <test-method is-config="true" signature="setup(java.lang.String)[pri:0, instance:tests.LoginTest@23e84203]" started-at="2023-09-19T10:39:04 IST" name="setup" finished-at="2023-09-19T10:39:31 IST" duration-ms="27070" status="PASS">
          <params>
            <param index="0">
              <value>
                <![CDATA[Edge]]>
              </value>
            </param>
          </params>
          <reporter-output>
          </reporter-output>
        </test-method> <!-- setup -->
        <test-method signature="Loginmethod()[pri:0, instance:tests.LoginTest@23e84203]" started-at="2023-09-19T10:39:31 IST" name="Loginmethod" finished-at="2023-09-19T10:39:36 IST" duration-ms="5158" status="PASS">
          <reporter-output>
          </reporter-output>
        </test-method> <!-- Loginmethod -->
        <test-method is-config="true" signature="close()[pri:0, instance:tests.LoginTest@23e84203]" started-at="2023-09-19T10:39:36 IST" name="close" finished-at="2023-09-19T10:39:38 IST" duration-ms="2362" status="PASS">
          <reporter-output>
          </reporter-output>
        </test-method> <!-- close -->
      </class> <!-- tests.LoginTest -->
      <class name="tests.RegisterTest">
        <test-method is-config="true" signature="setup(java.lang.String)[pri:0, instance:tests.RegisterTest@4a003cbe]" started-at="2023-09-19T10:38:07 IST" name="setup" finished-at="2023-09-19T10:38:50 IST" duration-ms="42715" status="PASS">
          <params>
            <param index="0">
              <value>
                <![CDATA[Edge]]>
              </value>
            </param>
          </params>
          <reporter-output>
          </reporter-output>
        </test-method> <!-- setup -->
        <test-method signature="register()[pri:0, instance:tests.RegisterTest@4a003cbe]" started-at="2023-09-19T10:38:50 IST" name="register" finished-at="2023-09-19T10:39:01 IST" duration-ms="10242" status="PASS">
          <reporter-output>
          </reporter-output>
        </test-method> <!-- register -->
        <test-method is-config="true" signature="close()[pri:0, instance:tests.RegisterTest@4a003cbe]" started-at="2023-09-19T10:39:01 IST" name="close" finished-at="2023-09-19T10:39:04 IST" duration-ms="2864" status="PASS">
          <reporter-output>
          </reporter-output>
        </test-method> <!-- close -->
      </class> <!-- tests.RegisterTest -->
    </test> <!-- Test -->
  </suite> <!-- Suite -->
</testng-results>
