<?xml version="1.0" encoding="UTF-8"?>
<testng-results ignored="0" total="2" passed="2" failed="0" skipped="0">
  <reporter-output>
  </reporter-output>
  <suite started-at="2023-08-16T17:17:01 IST" name="Suite" finished-at="2023-08-16T17:17:38 IST" duration-ms="37092">
    <groups>
    </groups>
    <test started-at="2023-08-16T17:17:01 IST" name="Test" finished-at="2023-08-16T17:17:38 IST" duration-ms="37092">
      <class name="tests.LoginTest">
        <test-method is-config="true" signature="setup(java.lang.String)[pri:0, instance:tests.LoginTest@130c12b7]" started-at="2023-08-16T17:17:24 IST" name="setup" finished-at="2023-08-16T17:17:34 IST" duration-ms="10709" status="PASS">
          <params>
            <param index="0">
              <value>
                <![CDATA[Edge]]>
              </value>
            </param>
          </params>
          <reporter-output>
          </reporter-output>
        </test-method> <!-- setup -->
        <test-method signature="Loginmethod()[pri:0, instance:tests.LoginTest@130c12b7]" started-at="2023-08-16T17:17:34 IST" name="Loginmethod" finished-at="2023-08-16T17:17:38 IST" duration-ms="3357" status="PASS">
          <reporter-output>
          </reporter-output>
        </test-method> <!-- Loginmethod -->
        <test-method is-config="true" signature="close()[pri:0, instance:tests.LoginTest@130c12b7]" started-at="2023-08-16T17:17:38 IST" name="close" finished-at="2023-08-16T17:17:38 IST" duration-ms="0" status="PASS">
          <reporter-output>
          </reporter-output>
        </test-method> <!-- close -->
      </class> <!-- tests.LoginTest -->
      <class name="tests.RegisterTest">
        <test-method is-config="true" signature="setup(java.lang.String)[pri:0, instance:tests.RegisterTest@3f6f6701]" started-at="2023-08-16T17:17:01 IST" name="setup" finished-at="2023-08-16T17:17:17 IST" duration-ms="16257" status="PASS">
          <params>
            <param index="0">
              <value>
                <![CDATA[Edge]]>
              </value>
            </param>
          </params>
          <reporter-output>
          </reporter-output>
        </test-method> <!-- setup -->
        <test-method signature="register()[pri:0, instance:tests.RegisterTest@3f6f6701]" started-at="2023-08-16T17:17:17 IST" name="register" finished-at="2023-08-16T17:17:24 IST" duration-ms="6311" status="PASS">
          <reporter-output>
          </reporter-output>
        </test-method> <!-- register -->
        <test-method is-config="true" signature="close()[pri:0, instance:tests.RegisterTest@3f6f6701]" started-at="2023-08-16T17:17:24 IST" name="close" finished-at="2023-08-16T17:17:24 IST" duration-ms="1" status="PASS">
          <reporter-output>
          </reporter-output>
        </test-method> <!-- close -->
      </class> <!-- tests.RegisterTest -->
    </test> <!-- Test -->
  </suite> <!-- Suite -->
</testng-results>
